<?xml version="1.0" encoding="UTF-8"?>
<!-- Generated by org.testng.reporters.JUnitReportReporter -->
<testsuite hostname="SARANYA-PRASANNA" failures="0" tests="7" name="Tests.TodoTests" time="89.269" errors="0" timestamp="2024-12-01T23:25:34 SGT" skipped="0">
  <testcase classname="Tests.TodoTests" name="testEditTodo" time="13.104"/>
  <testcase classname="Tests.TodoTests" name="testAddTodo" time="5.630"/>
  <testcase classname="Tests.TodoTests" name="testMarkTodoCompleted" time="6.008"/>
  <testcase classname="Tests.TodoTests" name="testDeleteTodo" time="5.644"/>
  <testcase classname="Tests.TodoTests" name="testEmptyTodoTest" time="0.234"/>
  <testcase classname="Tests.TodoTests" name="testVerifyClearCompleted" time="31.796"/>
  <testcase classname="Tests.TodoTests" name="testFilterTodos" time="26.853"/>
</testsuite> <!-- Tests.TodoTests -->
