<?xml version="1.0" encoding="UTF-8"?>
<!-- Generated by org.testng.reporters.JUnitReportReporter -->
<testsuite hostname="SARANYA-PRASANNA" failures="0" tests="1" name="Tests.BaseTestClass" time="0.209" errors="0" timestamp="2024-11-29T22:51:51 SGT" skipped="0">
  <testcase classname="Tests.BaseTestClass" name="AddTodo" time="0.209"/>
</testsuite> <!-- Tests.BaseTestClass -->
