<?xml version="1.0" encoding="UTF-8"?>
<!-- Generated by org.testng.reporters.JUnitReportReporter -->
<testsuite hostname="SARANYA-PRASANNA" failures="0" tests="7" name="Tests.TodoTests" time="13.193" errors="0" timestamp="2024-12-01T22:35:50 SGT" skipped="6">
  <testcase classname="Tests.TodoTests" name="testEditTodo" time="13.193"/>
  <testcase classname="Tests.TodoTests" name="testFilterTodos">
    <skipped/>
  </testcase> <!-- testFilterTodos -->
  <testcase classname="Tests.TodoTests" name="testVerifyClearCompleted">
    <skipped/>
  </testcase> <!-- testVerifyClearCompleted -->
  <testcase classname="Tests.TodoTests" name="testAddTodo">
    <skipped/>
  </testcase> <!-- testAddTodo -->
  <testcase classname="Tests.TodoTests" name="testDeleteTodo">
    <skipped/>
  </testcase> <!-- testDeleteTodo -->
  <testcase classname="Tests.TodoTests" name="testEmptyTodoTest">
    <skipped/>
  </testcase> <!-- testEmptyTodoTest -->
  <testcase classname="Tests.TodoTests" name="testMarkTodoCompleted">
    <skipped/>
  </testcase> <!-- testMarkTodoCompleted -->
</testsuite> <!-- Tests.TodoTests -->
